[Mon Nov 11 20:47:42.733701 2024] [ssl:warn] [pid 12228:tid 452] AH01909: www.example.com:443:0 server certificate does NOT include an ID which matches the server name
[Mon Nov 11 20:47:42.818481 2024] [ssl:warn] [pid 12228:tid 452] AH01909: www.example.com:443:0 server certificate does NOT include an ID which matches the server name
[Mon Nov 11 20:47:42.883332 2024] [mpm_winnt:notice] [pid 12228:tid 452] AH00455: Apache/2.4.58 (Win64) OpenSSL/3.1.3 PHP/8.2.12 configured -- resuming normal operations
[Mon Nov 11 20:47:42.883332 2024] [mpm_winnt:notice] [pid 12228:tid 452] AH00456: Apache Lounge VS17 Server built: Oct 18 2023 13:03:18
[Mon Nov 11 20:47:42.883332 2024] [core:notice] [pid 12228:tid 452] AH00094: Command line: 'd:\\xampp\\apache\\bin\\httpd.exe -d D:/xampp/apache'
[Mon Nov 11 20:47:42.892308 2024] [mpm_winnt:notice] [pid 12228:tid 452] AH00418: Parent: Created child process 24644
[Mon Nov 11 20:47:43.585435 2024] [ssl:warn] [pid 24644:tid 456] AH01909: www.example.com:443:0 server certificate does NOT include an ID which matches the server name
[Mon Nov 11 20:47:43.664212 2024] [ssl:warn] [pid 24644:tid 456] AH01909: www.example.com:443:0 server certificate does NOT include an ID which matches the server name
[Mon Nov 11 20:47:43.729069 2024] [mpm_winnt:notice] [pid 24644:tid 456] AH00354: Child: Starting 150 worker threads.
[Mon Nov 11 21:51:21.094064 2024] [ssl:warn] [pid 28324:tid 452] AH01909: www.example.com:443:0 server certificate does NOT include an ID which matches the server name
[Mon Nov 11 21:51:21.183828 2024] [core:warn] [pid 28324:tid 452] AH00098: pid file D:/xampp/apache/logs/httpd.pid overwritten -- Unclean shutdown of previous Apache run?
[Mon Nov 11 21:51:21.187813 2024] [ssl:warn] [pid 28324:tid 452] AH01909: www.example.com:443:0 server certificate does NOT include an ID which matches the server name
[Mon Nov 11 21:51:21.251644 2024] [mpm_winnt:notice] [pid 28324:tid 452] AH00455: Apache/2.4.58 (Win64) OpenSSL/3.1.3 PHP/8.2.12 configured -- resuming normal operations
[Mon Nov 11 21:51:21.251644 2024] [mpm_winnt:notice] [pid 28324:tid 452] AH00456: Apache Lounge VS17 Server built: Oct 18 2023 13:03:18
[Mon Nov 11 21:51:21.251644 2024] [core:notice] [pid 28324:tid 452] AH00094: Command line: 'd:\\xampp\\apache\\bin\\httpd.exe -d D:/xampp/apache'
[Mon Nov 11 21:51:21.260619 2024] [mpm_winnt:notice] [pid 28324:tid 452] AH00418: Parent: Created child process 10928
[Mon Nov 11 21:51:21.990197 2024] [ssl:warn] [pid 10928:tid 456] AH01909: www.example.com:443:0 server certificate does NOT include an ID which matches the server name
[Mon Nov 11 21:51:22.073315 2024] [ssl:warn] [pid 10928:tid 456] AH01909: www.example.com:443:0 server certificate does NOT include an ID which matches the server name
[Mon Nov 11 21:51:22.135221 2024] [mpm_winnt:notice] [pid 10928:tid 456] AH00354: Child: Starting 150 worker threads.
[Fri Nov 15 15:23:33.852644 2024] [ssl:warn] [pid 17220:tid 452] AH01909: www.example.com:443:0 server certificate does NOT include an ID which matches the server name
[Fri Nov 15 15:23:33.894504 2024] [core:warn] [pid 17220:tid 452] AH00098: pid file C:/xampp/apache/logs/httpd.pid overwritten -- Unclean shutdown of previous Apache run?
[Fri Nov 15 15:23:33.895501 2024] [ssl:warn] [pid 17220:tid 452] AH01909: www.example.com:443:0 server certificate does NOT include an ID which matches the server name
[Fri Nov 15 15:23:33.941956 2024] [mpm_winnt:notice] [pid 17220:tid 452] AH00455: Apache/2.4.58 (Win64) OpenSSL/3.1.3 PHP/8.2.12 configured -- resuming normal operations
[Fri Nov 15 15:23:33.941956 2024] [mpm_winnt:notice] [pid 17220:tid 452] AH00456: Apache Lounge VS17 Server built: Oct 18 2023 13:03:18
[Fri Nov 15 15:23:33.941956 2024] [core:notice] [pid 17220:tid 452] AH00094: Command line: 'c:\\xampp\\apache\\bin\\httpd.exe -d C:/xampp/apache'
[Fri Nov 15 15:23:33.947936 2024] [mpm_winnt:notice] [pid 17220:tid 452] AH00418: Parent: Created child process 24696
[Fri Nov 15 15:23:34.319774 2024] [ssl:warn] [pid 24696:tid 456] AH01909: www.example.com:443:0 server certificate does NOT include an ID which matches the server name
[Fri Nov 15 15:23:34.359758 2024] [ssl:warn] [pid 24696:tid 456] AH01909: www.example.com:443:0 server certificate does NOT include an ID which matches the server name
[Fri Nov 15 15:23:34.394776 2024] [mpm_winnt:notice] [pid 24696:tid 456] AH00354: Child: Starting 150 worker threads.
[Fri Nov 15 16:02:00.557300 2024] [ssl:warn] [pid 24660:tid 460] AH01909: www.example.com:443:0 server certificate does NOT include an ID which matches the server name
[Fri Nov 15 16:02:00.598050 2024] [core:warn] [pid 24660:tid 460] AH00098: pid file C:/xampp/apache/logs/httpd.pid overwritten -- Unclean shutdown of previous Apache run?
[Fri Nov 15 16:02:00.600045 2024] [ssl:warn] [pid 24660:tid 460] AH01909: www.example.com:443:0 server certificate does NOT include an ID which matches the server name
[Fri Nov 15 16:02:00.633444 2024] [mpm_winnt:notice] [pid 24660:tid 460] AH00455: Apache/2.4.58 (Win64) OpenSSL/3.1.3 PHP/8.2.12 configured -- resuming normal operations
[Fri Nov 15 16:02:00.633444 2024] [mpm_winnt:notice] [pid 24660:tid 460] AH00456: Apache Lounge VS17 Server built: Oct 18 2023 13:03:18
[Fri Nov 15 16:02:00.633444 2024] [core:notice] [pid 24660:tid 460] AH00094: Command line: 'c:\\xampp\\apache\\bin\\httpd.exe -d C:/xampp/apache'
[Fri Nov 15 16:02:00.638426 2024] [mpm_winnt:notice] [pid 24660:tid 460] AH00418: Parent: Created child process 35016
[Fri Nov 15 16:02:00.989120 2024] [ssl:warn] [pid 35016:tid 456] AH01909: www.example.com:443:0 server certificate does NOT include an ID which matches the server name
[Fri Nov 15 16:02:01.027958 2024] [ssl:warn] [pid 35016:tid 456] AH01909: www.example.com:443:0 server certificate does NOT include an ID which matches the server name
[Fri Nov 15 16:02:01.060855 2024] [mpm_winnt:notice] [pid 35016:tid 456] AH00354: Child: Starting 150 worker threads.
[Fri Nov 29 14:20:05.956035 2024] [ssl:warn] [pid 25616:tid 424] AH01909: www.example.com:443:0 server certificate does NOT include an ID which matches the server name
[Fri Nov 29 14:20:05.998117 2024] [core:warn] [pid 25616:tid 424] AH00098: pid file C:/xampp/apache/logs/httpd.pid overwritten -- Unclean shutdown of previous Apache run?
[Fri Nov 29 14:20:06.000116 2024] [ssl:warn] [pid 25616:tid 424] AH01909: www.example.com:443:0 server certificate does NOT include an ID which matches the server name
[Fri Nov 29 14:20:06.070042 2024] [mpm_winnt:notice] [pid 25616:tid 424] AH00455: Apache/2.4.58 (Win64) OpenSSL/3.1.3 PHP/8.2.12 configured -- resuming normal operations
[Fri Nov 29 14:20:06.070042 2024] [mpm_winnt:notice] [pid 25616:tid 424] AH00456: Apache Lounge VS17 Server built: Oct 18 2023 13:03:18
[Fri Nov 29 14:20:06.070042 2024] [core:notice] [pid 25616:tid 424] AH00094: Command line: 'c:\\xampp\\apache\\bin\\httpd.exe -d C:/xampp/apache'
[Fri Nov 29 14:20:06.075041 2024] [mpm_winnt:notice] [pid 25616:tid 424] AH00418: Parent: Created child process 15568
[Fri Nov 29 14:20:06.395845 2024] [ssl:warn] [pid 15568:tid 428] AH01909: www.example.com:443:0 server certificate does NOT include an ID which matches the server name
[Fri Nov 29 14:20:06.435841 2024] [ssl:warn] [pid 15568:tid 428] AH01909: www.example.com:443:0 server certificate does NOT include an ID which matches the server name
[Fri Nov 29 14:20:06.470841 2024] [mpm_winnt:notice] [pid 15568:tid 428] AH00354: Child: Starting 150 worker threads.
[Fri Nov 29 14:28:26.542239 2024] [ssl:warn] [pid 27576:tid 452] AH01909: www.example.com:443:0 server certificate does NOT include an ID which matches the server name
[Fri Nov 29 14:28:26.582241 2024] [core:warn] [pid 27576:tid 452] AH00098: pid file C:/xampp/apache/logs/httpd.pid overwritten -- Unclean shutdown of previous Apache run?
[Fri Nov 29 14:28:26.584241 2024] [ssl:warn] [pid 27576:tid 452] AH01909: www.example.com:443:0 server certificate does NOT include an ID which matches the server name
[Fri Nov 29 14:28:26.615149 2024] [mpm_winnt:notice] [pid 27576:tid 452] AH00455: Apache/2.4.58 (Win64) OpenSSL/3.1.3 PHP/8.2.12 configured -- resuming normal operations
[Fri Nov 29 14:28:26.615149 2024] [mpm_winnt:notice] [pid 27576:tid 452] AH00456: Apache Lounge VS17 Server built: Oct 18 2023 13:03:18
[Fri Nov 29 14:28:26.615149 2024] [core:notice] [pid 27576:tid 452] AH00094: Command line: 'apache\\bin\\httpd.exe -d C:/xampp/apache -f conf\\httpd.conf'
[Fri Nov 29 14:28:26.620150 2024] [mpm_winnt:notice] [pid 27576:tid 452] AH00418: Parent: Created child process 34888
Apache server shutdown initiated...
sl:warn] [pid 34888:tid 456] AH01909: www.example.com:443:0 server certificate does NOT include an ID which matches the server name
[Fri Nov 29 14:28:27.034407 2024] [ssl:warn] [pid 34888:tid 456] AH01909: www.example.com:443:0 server certificate does NOT include an ID which matches the server name
[Fri Nov 29 14:28:27.069347 2024] [mpm_winnt:notice] [pid 34888:tid 456] AH00354: Child: Starting 150 worker threads.
[Fri Nov 29 14:28:29.015780 2024] [mpm_winnt:notice] [pid 27576:tid 452] AH00422: Parent: Received shutdown signal -- Shutting down the server.
[Fri Nov 29 14:28:31.026372 2024] [mpm_winnt:notice] [pid 34888:tid 456] AH00364: Child: All worker threads have exited.
[Fri Nov 29 14:28:31.070439 2024] [mpm_winnt:notice] [pid 27576:tid 452] AH00430: Parent: Child process 34888 exited successfully.
